<?xml version="1.0" encoding="UTF-8"?>
<testng-results ignored="0" total="1" passed="1" failed="0" skipped="0">
  <reporter-output>
  </reporter-output>
  <suite started-at="2024-06-06T12:29:31 IST" name="Default suite" finished-at="2024-06-06T12:29:34 IST" duration-ms="2705">
    <groups>
    </groups>
    <test started-at="2024-06-06T12:29:31 IST" name="Default test" finished-at="2024-06-06T12:29:34 IST" duration-ms="2705">
      <class name="com.test.PP_Machines_storage.pp5_storage">
        <test-method signature="testStorageDetails()[pri:0, instance:com.test.PP_Machines_storage.pp5_storage@6cd28fa7]" started-at="2024-06-06T12:29:31 IST" name="testStorageDetails" finished-at="2024-06-06T12:29:34 IST" duration-ms="2681" status="PASS">
          <reporter-output>
          </reporter-output>
        </test-method> <!-- testStorageDetails -->
      </class> <!-- com.test.PP_Machines_storage.pp5_storage -->
    </test> <!-- Default test -->
  </suite> <!-- Default suite -->
</testng-results>
