<?xml version="1.0" encoding="UTF-8"?>
<testng-results ignored="0" total="1" passed="1" failed="0" skipped="0">
  <reporter-output>
  </reporter-output>
  <suite started-at="2024-06-12T15:51:05 IST" name="Default suite" finished-at="2024-06-12T15:51:11 IST" duration-ms="6794">
    <groups>
    </groups>
    <test started-at="2024-06-12T15:51:05 IST" name="Default test" finished-at="2024-06-12T15:51:11 IST" duration-ms="6794">
      <class name="com.test.PP_Machines_storage.New_Image_Out">
        <test-method signature="testStorageDetails()[pri:0, instance:com.test.PP_Machines_storage.New_Image_Out@7205765b]" started-at="2024-06-12T15:51:05 IST" name="testStorageDetails" finished-at="2024-06-12T15:51:11 IST" duration-ms="6768" status="PASS">
          <reporter-output>
          </reporter-output>
        </test-method> <!-- testStorageDetails -->
      </class> <!-- com.test.PP_Machines_storage.New_Image_Out -->
    </test> <!-- Default test -->
  </suite> <!-- Default suite -->
</testng-results>
